<?xml version="1.0" encoding="UTF-8"?>
<!-- Generated by org.testng.reporters.JUnitReportReporter -->
<testsuite hostname="Davids-MacBook-Pro-2.local" name="Tests.signInTest" tests="4" failures="0" timestamp="24 Mar 2015 04:42:46 GMT" time="23.336" errors="0">
  <testcase name="logIn" time="10.349" classname="Tests.signInTest"/>
  <testcase name="gotoApp" time="4.525" classname="Tests.signInTest"/>
  <testcase name="logOut" time="1.364" classname="Tests.signInTest"/>
  <testcase name="launchApp" time="7.098" classname="Tests.signInTest"/>
</testsuite> <!-- Tests.signInTest -->
